Determining if the pthread_create exist failed with the following output:
Change Dir: /home/enes/GitHub/zed_filtering/build/catkin_tools_prebuild/CMakeFiles/CMakeTmp

Run Build Command:"/usr/bin/make" "cmTC_e7dd5/fast"
/usr/bin/make -f CMakeFiles/cmTC_e7dd5.dir/build.make CMakeFiles/cmTC_e7dd5.dir/build
make[1]: Entering directory '/home/enes/GitHub/zed_filtering/build/catkin_tools_prebuild/CMakeFiles/CMakeTmp'
Building C object CMakeFiles/cmTC_e7dd5.dir/CheckSymbolExists.c.o
/usr/bin/cc     -o CMakeFiles/cmTC_e7dd5.dir/CheckSymbolExists.c.o   -c /home/enes/GitHub/zed_filtering/build/catkin_tools_prebuild/CMakeFiles/CMakeTmp/CheckSymbolExists.c
Linking C executable cmTC_e7dd5
/usr/bin/cmake -E cmake_link_script CMakeFiles/cmTC_e7dd5.dir/link.txt --verbose=1
/usr/bin/cc       CMakeFiles/cmTC_e7dd5.dir/CheckSymbolExists.c.o  -o cmTC_e7dd5 -rdynamic 
CMakeFiles/cmTC_e7dd5.dir/CheckSymbolExists.c.o: In function `main':
CheckSymbolExists.c:(.text+0x16): undefined reference to `pthread_create'
collect2: error: ld returned 1 exit status
CMakeFiles/cmTC_e7dd5.dir/build.make:97: recipe for target 'cmTC_e7dd5' failed
make[1]: *** [cmTC_e7dd5] Error 1
make[1]: Leaving directory '/home/enes/GitHub/zed_filtering/build/catkin_tools_prebuild/CMakeFiles/CMakeTmp'
Makefile:126: recipe for target 'cmTC_e7dd5/fast' failed
make: *** [cmTC_e7dd5/fast] Error 2

File /home/enes/GitHub/zed_filtering/build/catkin_tools_prebuild/CMakeFiles/CMakeTmp/CheckSymbolExists.c:
/* */
#include <pthread.h>

int main(int argc, char** argv)
{
  (void)argv;
#ifndef pthread_create
  return ((int*)(&pthread_create))[argc];
#else
  (void)argc;
  return 0;
#endif
}

Determining if the function pthread_create exists in the pthreads failed with the following output:
Change Dir: /home/enes/GitHub/zed_filtering/build/catkin_tools_prebuild/CMakeFiles/CMakeTmp

Run Build Command:"/usr/bin/make" "cmTC_35325/fast"
/usr/bin/make -f CMakeFiles/cmTC_35325.dir/build.make CMakeFiles/cmTC_35325.dir/build
make[1]: Entering directory '/home/enes/GitHub/zed_filtering/build/catkin_tools_prebuild/CMakeFiles/CMakeTmp'
Building C object CMakeFiles/cmTC_35325.dir/CheckFunctionExists.c.o
/usr/bin/cc    -DCHECK_FUNCTION_EXISTS=pthread_create   -o CMakeFiles/cmTC_35325.dir/CheckFunctionExists.c.o   -c /usr/share/cmake-3.5/Modules/CheckFunctionExists.c
Linking C executable cmTC_35325
/usr/bin/cmake -E cmake_link_script CMakeFiles/cmTC_35325.dir/link.txt --verbose=1
/usr/bin/cc   -DCHECK_FUNCTION_EXISTS=pthread_create    CMakeFiles/cmTC_35325.dir/CheckFunctionExists.c.o  -o cmTC_35325 -rdynamic -lpthreads 
/usr/bin/ld: cannot find -lpthreads
collect2: error: ld returned 1 exit status
CMakeFiles/cmTC_35325.dir/build.make:97: recipe for target 'cmTC_35325' failed
make[1]: *** [cmTC_35325] Error 1
make[1]: Leaving directory '/home/enes/GitHub/zed_filtering/build/catkin_tools_prebuild/CMakeFiles/CMakeTmp'
Makefile:126: recipe for target 'cmTC_35325/fast' failed
make: *** [cmTC_35325/fast] Error 2


